<?xml version="1.0" encoding="UTF-8"?>
<!-- Generated by org.testng.reporters.JUnitXMLReporter -->
<testsuite hostname="ThinkPad" ignored="0" name="regression" tests="13" failures="0" timestamp="2022-05-10T22:22:38 BST" time="149.893" errors="0">
  <testcase name="verifyThatUserShouldCreateAccountSuccessfully" time="11.101" classname="com.automation.testsuite.CreateAccountPageTest"/>
  <testcase name="userShouldNavigateToSignInPageSuccessFully" time="1.839" classname="com.automation.testsuite.SignInPageTest"/>
  <testcase name="verifyThatUserShouldLogInSuccessFullyWithValidCredentials" time="5.072" classname="com.automation.testsuite.SignInPageTest"/>
  <testcase name="verifyTheErrorMessageWithInValidCredentials" time="5.551" classname="com.automation.testsuite.SignInPageTest"/>
  <testcase name="verifyTheErrorMessageWithInValidCredentials" time="2.169" classname="com.automation.testsuite.SignInPageTest"/>
  <testcase name="verifyTheErrorMessageWithInValidCredentials" time="3.876" classname="com.automation.testsuite.SignInPageTest"/>
  <testcase name="verifyTheErrorMessageWithInValidCredentials" time="3.102" classname="com.automation.testsuite.SignInPageTest"/>
  <testcase name="VerifyThatUserShouldLogOutSuccessFully" time="10.463" classname="com.automation.testsuite.SignInPageTest"/>
  <testcase name="verifyUserShouldAddProductToTheCartSuccessfully" time="7.043" classname="com.automation.testsuite.WomenCategoryPageTest"/>
  <testcase name="verifyUserShouldAddProductToTheCartSuccessfully" time="7.747" classname="com.automation.testsuite.WomenCategoryPageTest"/>
  <testcase name="verifyUserShouldAddProductToTheCartSuccessfully" time="7.827" classname="com.automation.testsuite.WomenCategoryPageTest"/>
  <testcase name="verifyUserShouldAddProductToTheCartSuccessfully" time="15.356" classname="com.automation.testsuite.WomenCategoryPageTest"/>
  <testcase name="verifyUserShouldNavigateToWomenCategoryPageSuccessfully" time="4.729" classname="com.automation.testsuite.WomenCategoryPageTest"/>
</testsuite> <!-- regression -->
